# JRE version: Java(TM) SE Runtime Environment (8.0_45-b15) (build 1.8.0_45-b15)
# Java VM: Java HotSpot(TM) 64-Bit Server VM (25.45-b02 mixed mode windows-amd64 compressed oops)
Heap:
 PSYoungGen      total 134656K, used 48551K [0x000000076af00000, 0x0000000773f80000, 0x00000007c0000000)
  eden space 123904K, 39% used [0x000000076af00000,0x000000076de69e90,0x0000000772800000)
  from space 10752K, 0% used [0x0000000773280000,0x0000000773280000,0x0000000773d00000)
  to   space 10752K, 0% used [0x0000000772800000,0x0000000772800000,0x0000000773280000)
 ParOldGen       total 108544K, used 8184K [0x00000006c0c00000, 0x00000006c7600000, 0x000000076af00000)
  object space 108544K, 7% used [0x00000006c0c00000,0x00000006c13fe028,0x00000006c7600000)
 Metaspace       used 42484K, capacity 44076K, committed 44288K, reserved 1087488K
  class space    used 5708K, capacity 5885K, committed 5888K, reserved 1048576K
GC Heap History (10 events):
Event: 10.233 GC heap before
{Heap before GC invocations=2 (full 0):
 PSYoungGen      total 76288K, used 52089K [0x000000076af00000, 0x0000000770400000, 0x00000007c0000000)
  eden space 65536K, 69% used [0x000000076af00000,0x000000076dbca1b8,0x000000076ef00000)
  from space 10752K, 57% used [0x000000076ef00000,0x000000076f5142c0,0x000000076f980000)
  to   space 10752K, 0% used [0x000000076f980000,0x000000076f980000,0x0000000770400000)
 ParOldGen       total 175104K, used 24K [0x00000006c0c00000, 0x00000006cb700000, 0x000000076af00000)
  object space 175104K, 0% used [0x00000006c0c00000,0x00000006c0c06000,0x00000006cb700000)
 Metaspace       used 20851K, capacity 21158K, committed 21248K, reserved 1067008K
  class space    used 2659K, capacity 2764K, committed 2816K, reserved 1048576K
Event: 10.237 GC heap after
Heap after GC invocations=2 (full 0):
 PSYoungGen      total 76288K, used 4977K [0x000000076af00000, 0x0000000770400000, 0x00000007c0000000)
  eden space 65536K, 0% used [0x000000076af00000,0x000000076af00000,0x000000076ef00000)
  from space 10752K, 46% used [0x000000076f980000,0x000000076fe5c4d8,0x0000000770400000)
  to   space 10752K, 0% used [0x000000076ef00000,0x000000076ef00000,0x000000076f980000)
 ParOldGen       total 175104K, used 32K [0x00000006c0c00000, 0x00000006cb700000, 0x000000076af00000)
  object space 175104K, 0% used [0x00000006c0c00000,0x00000006c0c08000,0x00000006cb700000)
 Metaspace       used 20851K, capacity 21158K, committed 21248K, reserved 1067008K
  class space    used 2659K, capacity 2764K, committed 2816K, reserved 1048576K
}
Event: 10.237 GC heap before
{Heap before GC invocations=3 (full 1):
 PSYoungGen      total 76288K, used 4977K [0x000000076af00000, 0x0000000770400000, 0x00000007c0000000)
  eden space 65536K, 0% used [0x000000076af00000,0x000000076af00000,0x000000076ef00000)
  from space 10752K, 46% used [0x000000076f980000,0x000000076fe5c4d8,0x0000000770400000)
  to   space 10752K, 0% used [0x000000076ef00000,0x000000076ef00000,0x000000076f980000)
 ParOldGen       total 175104K, used 32K [0x00000006c0c00000, 0x00000006cb700000, 0x000000076af00000)
  object space 175104K, 0% used [0x00000006c0c00000,0x00000006c0c08000,0x00000006cb700000)
 Metaspace       used 20851K, capacity 21158K, committed 21248K, reserved 1067008K
  class space    used 2659K, capacity 2764K, committed 2816K, reserved 1048576K
Event: 10.259 GC heap after
Heap after GC invocations=3 (full 1):
 PSYoungGen      total 76288K, used 0K [0x000000076af00000, 0x0000000770400000, 0x00000007c0000000)
  eden space 65536K, 0% used [0x000000076af00000,0x000000076af00000,0x000000076ef00000)
  from space 10752K, 0% used [0x000000076f980000,0x000000076f980000,0x0000000770400000)
  to   space 10752K, 0% used [0x000000076ef00000,0x000000076ef00000,0x000000076f980000)
 ParOldGen       total 77312K, used 4718K [0x00000006c0c00000, 0x00000006c5780000, 0x000000076af00000)
  object space 77312K, 6% used [0x00000006c0c00000,0x00000006c109b878,0x00000006c5780000)
 Metaspace       used 20851K, capacity 21158K, committed 21248K, reserved 1067008K
  class space    used 2659K, capacity 2764K, committed 2816K, reserved 1048576K
}
Event: 11.052 GC heap before
{Heap before GC invocations=4 (full 1):
 PSYoungGen      total 76288K, used 65536K [0x000000076af00000, 0x0000000770400000, 0x00000007c0000000)
  eden space 65536K, 100% used [0x000000076af00000,0x000000076ef00000,0x000000076ef00000)
  from space 10752K, 0% used [0x000000076f980000,0x000000076f980000,0x0000000770400000)
  to   space 10752K, 0% used [0x000000076ef00000,0x000000076ef00000,0x000000076f980000)
 ParOldGen       total 77312K, used 4718K [0x00000006c0c00000, 0x00000006c5780000, 0x000000076af00000)
  object space 77312K, 6% used [0x00000006c0c00000,0x00000006c109b878,0x00000006c5780000)
 Metaspace       used 33342K, capacity 34368K, committed 34688K, reserved 1079296K
  class space    used 4724K, capacity 4868K, committed 4992K, reserved 1048576K
Event: 11.060 GC heap after
Heap after GC invocations=4 (full 1):
 PSYoungGen      total 76288K, used 10741K [0x000000076af00000, 0x0000000773d00000, 0x00000007c0000000)
  eden space 65536K, 0% used [0x000000076af00000,0x000000076af00000,0x000000076ef00000)
  from space 10752K, 99% used [0x000000076ef00000,0x000000076f97d500,0x000000076f980000)
  to   space 10752K, 0% used [0x0000000773280000,0x0000000773280000,0x0000000773d00000)
 ParOldGen       total 77312K, used 6234K [0x00000006c0c00000, 0x00000006c5780000, 0x000000076af00000)
  object space 77312K, 8% used [0x00000006c0c00000,0x00000006c1216a78,0x00000006c5780000)
 Metaspace       used 33342K, capacity 34368K, committed 34688K, reserved 1079296K
  class space    used 4724K, capacity 4868K, committed 4992K, reserved 1048576K
}
Event: 11.115 GC heap before
{Heap before GC invocations=5 (full 1):
 PSYoungGen      total 76288K, used 15846K [0x000000076af00000, 0x0000000773d00000, 0x00000007c0000000)
  eden space 65536K, 7% used [0x000000076af00000,0x000000076b3fc6a8,0x000000076ef00000)
  from space 10752K, 99% used [0x000000076ef00000,0x000000076f97d500,0x000000076f980000)
  to   space 10752K, 0% used [0x0000000773280000,0x0000000773280000,0x0000000773d00000)
 ParOldGen       total 77312K, used 6234K [0x00000006c0c00000, 0x00000006c5780000, 0x000000076af00000)
  object space 77312K, 8% used [0x00000006c0c00000,0x00000006c1216a78,0x00000006c5780000)
 Metaspace       used 34190K, capacity 35264K, committed 35416K, reserved 1079296K
  class space    used 4909K, capacity 5030K, committed 5120K, reserved 1048576K
Event: 11.119 GC heap after
Heap after GC invocations=5 (full 1):
 PSYoungGen      total 134656K, used 5092K [0x000000076af00000, 0x0000000773f80000, 0x00000007c0000000)
  eden space 123904K, 0% used [0x000000076af00000,0x000000076af00000,0x0000000772800000)
  from space 10752K, 47% used [0x0000000773280000,0x0000000773779188,0x0000000773d00000)
  to   space 10752K, 0% used [0x0000000772800000,0x0000000772800000,0x0000000773280000)
 ParOldGen       total 77312K, used 6242K [0x00000006c0c00000, 0x00000006c5780000, 0x000000076af00000)
  object space 77312K, 8% used [0x00000006c0c00000,0x00000006c1218a78,0x00000006c5780000)
 Metaspace       used 34190K, capacity 35264K, committed 35416K, reserved 1079296K
  class space    used 4909K, capacity 5030K, committed 5120K, reserved 1048576K
}
Event: 11.119 GC heap before
{Heap before GC invocations=6 (full 2):
 PSYoungGen      total 134656K, used 5092K [0x000000076af00000, 0x0000000773f80000, 0x00000007c0000000)
  eden space 123904K, 0% used [0x000000076af00000,0x000000076af00000,0x0000000772800000)
  from space 10752K, 47% used [0x0000000773280000,0x0000000773779188,0x0000000773d00000)
  to   space 10752K, 0% used [0x0000000772800000,0x0000000772800000,0x0000000773280000)
 ParOldGen       total 77312K, used 6242K [0x00000006c0c00000, 0x00000006c5780000, 0x000000076af00000)
  object space 77312K, 8% used [0x00000006c0c00000,0x00000006c1218a78,0x00000006c5780000)
 Metaspace       used 34190K, capacity 35264K, committed 35416K, reserved 1079296K
  class space    used 4909K, capacity 5030K, committed 5120K, reserved 1048576K
Event: 11.144 GC heap after
Heap after GC invocations=6 (full 2):
 PSYoungGen      total 134656K, used 0K [0x000000076af00000, 0x0000000773f80000, 0x00000007c0000000)
  eden space 123904K, 0% used [0x000000076af00000,0x000000076af00000,0x0000000772800000)
  from space 10752K, 0% used [0x0000000773280000,0x0000000773280000,0x0000000773d00000)
  to   space 10752K, 0% used [0x0000000772800000,0x0000000772800000,0x0000000773280000)
 ParOldGen       total 108544K, used 8184K [0x00000006c0c00000, 0x00000006c7600000, 0x000000076af00000)
  object space 108544K, 7% used [0x00000006c0c00000,0x00000006c13fe028,0x00000006c7600000)
 Metaspace       used 34190K, capacity 35264K, committed 35416K, reserved 1079296K
  class space    used 4909K, capacity 5030K, committed 5120K, reserved 1048576K
}

